$ tsc --noEmit && vite build && tsup
vite v7.0.6 building for production...
transforming...
✓ 1697 modules transformed.
rendering chunks...
computing gzip size...
../../dist/frontend/index.html                  0.73 kB │ gzip:  0.44 kB
../../dist/frontend/assets/main-CFtP64e2.css   23.23 kB │ gzip:  4.97 kB
../../dist/frontend/assets/main-IJrZGl1P.js   254.94 kB │ gzip: 79.94 kB
✓ built in 1.12s
CLI Building entry: src/index.ts
CLI Using tsconfig: tsconfig.json
CLI tsup v8.5.0
CLI Using tsup config: /Users/yohairosen/Workspace/Projects/mascotai/mascot-agent-prod/packages/plugin-connections/tsup.config.ts
CLI Target: es2020
ESM Build start
ESM dist/esm-KK6GTMEV.js       3.46 KB
ESM dist/chunk-3TTRDC2T.js     216.44 KB
ESM dist/index.js              31.00 KB
ESM dist/esm-KK6GTMEV.js.map   71.00 B
ESM dist/index.js.map          57.61 KB
ESM dist/chunk-3TTRDC2T.js.map 372.72 KB
ESM ⚡️ Build success in 27ms
DTS Build start
DTS ⚡️ Build success in 817ms
DTS dist/index.d.ts 5.52 KB
